This is pdfTeX, Version 3.141592653-2.6-1.40.25 (TeX Live 2023/Debian) (preloaded format=pdflatex 2025.9.22)  5 OCT 2025 19:56
entering extended mode
 restricted \write18 enabled.
 file:line:error style messages enabled.
 %&-line parsing enabled.
**"/home/baz/xampp-htdocs/APPS_WEB/Practica 6/Tabla_de_ids/documentacion_javascript.tex"
(/home/baz/xampp-htdocs/APPS_WEB/Practica 6/Tabla_de_ids/documentacion_javascript.tex
LaTeX2e <2023-11-01> patch level 1
L3 programming layer <2024-01-22>
(/usr/share/texlive/texmf-dist/tex/latex/base/article.cls
Document Class: article 2023/05/17 v1.4n Standard LaTeX document class
(/usr/share/texlive/texmf-dist/tex/latex/base/size12.clo
File: size12.clo 2023/05/17 v1.4n Standard LaTeX file (size option)
)
\c@part=\count187
\c@section=\count188
\c@subsection=\count189
\c@subsubsection=\count190
\c@paragraph=\count191
\c@subparagraph=\count192
\c@figure=\count193
\c@table=\count194
\abovecaptionskip=\skip48
\belowcaptionskip=\skip49
\bibindent=\dimen140
) (/usr/share/texlive/texmf-dist/tex/latex/base/inputenc.sty
Package: inputenc 2021/02/14 v1.3d Input encoding file
\inpenc@prehook=\toks17
\inpenc@posthook=\toks18
) (/usr/share/texlive/texmf-dist/tex/generic/babel/babel.sty
Package: babel 2024/01/07 v24.1 The Babel package
\babel@savecnt=\count195
\U@D=\dimen141
\l@unhyphenated=\language8
 (/usr/share/texlive/texmf-dist/tex/generic/babel/txtbabel.def)
\bbl@readstream=\read2
\bbl@dirlevel=\count196
 (/usr/share/texlive/texmf-dist/tex/generic/babel-spanish/spanish.ldf
Language: spanish.ldf 2021/05/27 v5.0q Spanish support from the babel system
\es@quottoks=\toks19
\es@quotdepth=\count197
Package babel Info: Making " an active character on input line 570.
Package babel Info: Making . an active character on input line 675.
Package babel Info: Making < an active character on input line 722.
Package babel Info: Making > an active character on input line 722.
)) (/usr/share/texlive/texmf-dist/tex/generic/babel/locale/es/babel-spanish.tex
Package babel Info: Importing font and identification data for spanish
(babel)             from babel-es.ini. Reported on input line 11.
) (/usr/share/texlive/texmf-dist/tex/latex/geometry/geometry.sty
Package: geometry 2020/01/02 v5.9 Page Geometry
 (/usr/share/texlive/texmf-dist/tex/latex/graphics/keyval.sty
Package: keyval 2022/05/29 v1.15 key=value parser (DPC)
\KV@toks@=\toks20
) (/usr/share/texlive/texmf-dist/tex/generic/iftex/ifvtex.sty
Package: ifvtex 2019/10/25 v1.7 ifvtex legacy package. Use iftex instead.
 (/usr/share/texlive/texmf-dist/tex/generic/iftex/iftex.sty
Package: iftex 2022/02/03 v1.0f TeX engine tests
))
\Gm@cnth=\count198
\Gm@cntv=\count199
\c@Gm@tempcnt=\count266
\Gm@bindingoffset=\dimen142
\Gm@wd@mp=\dimen143
\Gm@odd@mp=\dimen144
\Gm@even@mp=\dimen145
\Gm@layoutwidth=\dimen146
\Gm@layoutheight=\dimen147
\Gm@layouthoffset=\dimen148
\Gm@layoutvoffset=\dimen149
\Gm@dimlist=\toks21
) (/usr/share/texlive/texmf-dist/tex/latex/tools/longtable.sty
Package: longtable 2023-11-01 v4.19 Multi-page Table package (DPC)
\LTleft=\skip50
\LTright=\skip51
\LTpre=\skip52
\LTpost=\skip53
\LTchunksize=\count267
\LTcapwidth=\dimen150
\LT@head=\box51
\LT@firsthead=\box52
\LT@foot=\box53
\LT@lastfoot=\box54
\LT@gbox=\box55
\LT@cols=\count268
\LT@rows=\count269
\c@LT@tables=\count270
\c@LT@chunks=\count271
\LT@p@ftn=\toks22
) (/usr/share/texlive/texmf-dist/tex/latex/booktabs/booktabs.sty
Package: booktabs 2020/01/12 v1.61803398 Publication quality tables
\heavyrulewidth=\dimen151
\lightrulewidth=\dimen152
\cmidrulewidth=\dimen153
\belowrulesep=\dimen154
\belowbottomsep=\dimen155
\aboverulesep=\dimen156
\abovetopsep=\dimen157
\cmidrulesep=\dimen158
\cmidrulekern=\dimen159
\defaultaddspace=\dimen160
\@cmidla=\count272
\@cmidlb=\count273
\@aboverulesep=\dimen161
\@belowrulesep=\dimen162
\@thisruleclass=\count274
\@lastruleclass=\count275
\@thisrulewidth=\dimen163
) (/usr/share/texlive/texmf-dist/tex/latex/xcolor/xcolor.sty
Package: xcolor 2023/11/15 v3.01 LaTeX color extensions (UK)
 (/usr/share/texlive/texmf-dist/tex/latex/graphics-cfg/color.cfg
File: color.cfg 2016/01/02 v1.6 sample color configuration
)
Package xcolor Info: Driver file: pdftex.def on input line 274.
 (/usr/share/texlive/texmf-dist/tex/latex/graphics-def/pdftex.def
File: pdftex.def 2022/09/22 v1.2b Graphics/color driver for pdftex
) (/usr/share/texlive/texmf-dist/tex/latex/graphics/mathcolor.ltx)
Package xcolor Info: Model `cmy' substituted by `cmy0' on input line 1350.
Package xcolor Info: Model `hsb' substituted by `rgb' on input line 1354.
Package xcolor Info: Model `RGB' extended on input line 1366.
Package xcolor Info: Model `HTML' substituted by `rgb' on input line 1368.
Package xcolor Info: Model `Hsb' substituted by `hsb' on input line 1369.
Package xcolor Info: Model `tHsb' substituted by `hsb' on input line 1370.
Package xcolor Info: Model `HSB' substituted by `hsb' on input line 1371.
Package xcolor Info: Model `Gray' substituted by `gray' on input line 1372.
Package xcolor Info: Model `wave' substituted by `hsb' on input line 1373.
) (/usr/share/texlive/texmf-dist/tex/latex/colortbl/colortbl.sty
Package: colortbl 2022/06/20 v1.0f Color table columns (DPC)
 (/usr/share/texlive/texmf-dist/tex/latex/tools/array.sty
Package: array 2023/10/16 v2.5g Tabular extension package (FMi)
\col@sep=\dimen164
\ar@mcellbox=\box56
\extrarowheight=\dimen165
\NC@list=\toks23
\extratabsurround=\skip54
\backup@length=\skip55
\ar@cellbox=\box57
)
\everycr=\toks24
\minrowclearance=\skip56
\rownum=\count276
) (/usr/share/texlive/texmf-dist/tex/latex/l3backend/l3backend-pdftex.def
File: l3backend-pdftex.def 2024-01-04 L3 backend support: PDF output (pdfTeX)
\l__color_backend_stack_int=\count277
\l__pdf_internal_box=\box58
) (./documentacion_javascript.aux
LaTeX Info: Redefining \. on input line 12.
LaTeX Info: Redefining \% on input line 12.
)
\openout1 = `documentacion_javascript.aux'.

LaTeX Font Info:    Checking defaults for OML/cmm/m/it on input line 17.
LaTeX Font Info:    ... okay on input line 17.
LaTeX Font Info:    Checking defaults for OMS/cmsy/m/n on input line 17.
LaTeX Font Info:    ... okay on input line 17.
LaTeX Font Info:    Checking defaults for OT1/cmr/m/n on input line 17.
LaTeX Font Info:    ... okay on input line 17.
LaTeX Font Info:    Checking defaults for T1/cmr/m/n on input line 17.
LaTeX Font Info:    ... okay on input line 17.
LaTeX Font Info:    Checking defaults for TS1/cmr/m/n on input line 17.
LaTeX Font Info:    ... okay on input line 17.
LaTeX Font Info:    Checking defaults for OMX/cmex/m/n on input line 17.
LaTeX Font Info:    ... okay on input line 17.
LaTeX Font Info:    Checking defaults for U/cmr/m/n on input line 17.
LaTeX Font Info:    ... okay on input line 17.
LaTeX Info: Redefining \. on input line 17.
LaTeX Info: Redefining \% on input line 17.

*geometry* driver: auto-detecting
*geometry* detected driver: pdftex
*geometry* verbose mode - [ preamble ] result:
* driver: pdftex
* paper: a4paper
* layout: <same size as paper>
* layoutoffset:(h,v)=(0.0pt,0.0pt)
* modes: 
* h-part:(L,W,R)=(56.9055pt, 483.69687pt, 56.9055pt)
* v-part:(T,H,B)=(56.9055pt, 731.23584pt, 56.9055pt)
* \paperwidth=597.50787pt
* \paperheight=845.04684pt
* \textwidth=483.69687pt
* \textheight=731.23584pt
* \oddsidemargin=-15.36449pt
* \evensidemargin=-15.36449pt
* \topmargin=-52.36449pt
* \headheight=12.0pt
* \headsep=25.0pt
* \topskip=12.0pt
* \footskip=30.0pt
* \marginparwidth=35.0pt
* \marginparsep=10.0pt
* \columnsep=10.0pt
* \skip\footins=10.8pt plus 4.0pt minus 2.0pt
* \hoffset=0.0pt
* \voffset=0.0pt
* \mag=1000
* \@twocolumnfalse
* \@twosidefalse
* \@mparswitchfalse
* \@reversemarginfalse
* (1in=72.27pt=25.4mm, 1cm=28.453pt)

(/usr/share/texlive/texmf-dist/tex/context/base/mkii/supp-pdf.mkii
[Loading MPS to PDF converter (version 2006.09.02).]
\scratchcounter=\count278
\scratchdimen=\dimen166
\scratchbox=\box59
\nofMPsegments=\count279
\nofMParguments=\count280
\everyMPshowfont=\toks25
\MPscratchCnt=\count281
\MPscratchDim=\dimen167
\MPnumerator=\count282
\makeMPintoPDFobject=\count283
\everyMPtoPDFconversion=\toks26
)
LaTeX Font Info:    External font `cmex10' loaded for size
(Font)              <14.4> on input line 19.
LaTeX Font Info:    External font `cmex10' loaded for size
(Font)              <7> on input line 19.

Overfull \hbox (3.21814pt too wide) in paragraph at lines 29--29
[]|\OT1/cmr/bx/n/12 Funci^^Son/M^^Seto-
 []


Overfull \hbox (69.01682pt too wide) in paragraph at lines 32--32
[]|\OT1/cmtt/m/n/12 document.getElementById()| 
 []


Underfull \hbox (badness 10000) in paragraph at lines 32--33
[]|\OT1/cmr/m/n/12 Busca un ele-men-to HTML
 []


Underfull \hbox (badness 10000) in paragraph at lines 32--33
\OT1/cmr/m/n/12 por su ID ^^Suni-co. Ejem-plo:
 []


Underfull \hbox (badness 10000) in paragraph at lines 32--33
\OT1/cmtt/m/n/12 document.getElementById('guardar')
 []


Overfull \hbox (81.36682pt too wide) in paragraph at lines 35--35
[]|\OT1/cmtt/m/n/12 document.querySelectorAll()| 
 []


Underfull \hbox (badness 10000) in paragraph at lines 35--36
[]|\OT1/cmr/m/n/12 Busca to-dos los ele-men-tos que coin-
 []


Underfull \hbox (badness 7344) in paragraph at lines 35--36
\OT1/cmr/m/n/12 ci-dan con un se-lec-tor CSS. Ejem-plo:
 []


Overfull \hbox (0.85307pt too wide) in paragraph at lines 35--36
\OT1/cmtt/m/n/12 document.querySelectorAll('textarea')
 []


Overfull \hbox (62.84181pt too wide) in paragraph at lines 38--38
[]|\OT1/cmtt/m/n/12 document.querySelector()| 
 []


Underfull \hbox (badness 10000) in paragraph at lines 38--39
[]|\OT1/cmr/m/n/12 Busca el pri-mer ele-men-to que coin-
 []


Underfull \hbox (badness 10000) in paragraph at lines 38--39
\OT1/cmr/m/n/12 ci-da con un se-lec-tor CSS. Ejem-plo:
 []


Underfull \hbox (badness 10000) in paragraph at lines 38--39
\OT1/cmtt/m/n/12 document.querySelector('#tablaTareas
 []


Overfull \hbox (31.9668pt too wide) in paragraph at lines 59--59
[]|\OT1/cmtt/m/n/12 .addEventListener()| 
 []


Overfull \hbox (81.36682pt too wide) in paragraph at lines 62--62
[]|\OT1/cmtt/m/n/12 document.addEventListener()| 
 []


Overfull \hbox (50.4918pt too wide) in paragraph at lines 71--71
[]|\OT1/cmtt/m/n/12 localStorage.setItem()| 
 []


Overfull \hbox (50.4918pt too wide) in paragraph at lines 74--74
[]|\OT1/cmtt/m/n/12 localStorage.getItem()| 
 []


Overfull \hbox (69.01682pt too wide) in paragraph at lines 77--77
[]|\OT1/cmtt/m/n/12 localStorage.removeItem()| 
 []


Overfull \hbox (13.44179pt too wide) in paragraph at lines 80--80
[]|\OT1/cmtt/m/n/12 JSON.stringify()| 
 []


Underfull \hbox (badness 2103) in paragraph at lines 80--81
[]|\OT1/cmr/m/n/12 Convierte un ob-je-to Ja-vaS-cript a tex-to
 []


Overfull \hbox (38.1418pt too wide) in paragraph at lines 98--98
[]|\OT1/cmtt/m/n/12 window.location.href| 
 []


Overfull \hbox (19.61679pt too wide) in paragraph at lines 101--101
[]|\OT1/cmtt/m/n/12 .preventDefault()| 
 []


Overfull \hbox (7.26678pt too wide) in paragraph at lines 107--107
[]|\OT1/cmtt/m/n/12 .getAttribute()| 
 []


Overfull \hbox (7.26678pt too wide) in paragraph at lines 110--110
[]|\OT1/cmtt/m/n/12 .setAttribute()| 
 []


Overfull \hbox (25.7918pt too wide) in paragraph at lines 113--113
[]|\OT1/cmtt/m/n/12 .removeAttribute()| 
 []


Overfull \hbox (1.09178pt too wide) in paragraph at lines 119--119
[]|\OT1/cmtt/m/n/12 .selectedIndex| 
 []

[1

{/var/lib/texmf/fonts/map/pdftex/updmap/pdftex.map}] [2] [3]
Overfull \hbox (105.82813pt too wide) in paragraph at lines 157--158
[]|\OT1/cmtt/m/n/12 document.getElementById('dropdownCarrera').textContent
 []


Overfull \hbox (142.87814pt too wide) in paragraph at lines 160--161
[]|\OT1/cmtt/m/n/12 document.getElementById('guardar').addEventListener('click',
 []


Underfull \hbox (badness 1005) in paragraph at lines 160--161
\OT1/cmtt/m/n/12 guardarEstudiante) \OT1/cmr/m/n/12 - Co-nec-ta el bot^^Son
 []


Overfull \hbox (142.87814pt too wide) in paragraph at lines 163--164
[]|\OT1/cmtt/m/n/12 document.getElementById('limpiar').addEventListener('click',
 []


Underfull \hbox (badness 1005) in paragraph at lines 163--164
\OT1/cmtt/m/n/12 limpiarFormulario) \OT1/cmr/m/n/12 - Co-nec-ta el bot^^Son
 []


Overfull \hbox (25.55309pt too wide) in paragraph at lines 166--167
[]|\OT1/cmtt/m/n/12 document.querySelector('#tablaEstudiantes
 []


Overfull \hbox (31.72809pt too wide) in paragraph at lines 179--180
[]|\OT1/cmtt/m/n/12 document.getElementById('btnInicioSesion')
 []


Underfull \hbox (badness 10000) in paragraph at lines 182--183
[]|\OT1/cmtt/m/n/12 document.getElementById('mensajito')
 []


Underfull \hbox (badness 1184) in paragraph at lines 182--183
\OT1/cmr/m/n/12 - Mues-tra men-sa-jes de ^^Sexi-to o error al
 []


Overfull \hbox (7.02808pt too wide) in paragraph at lines 185--186
[]|\OT1/cmtt/m/n/12 document.getElementById('email').value
 []


Overfull \hbox (25.55309pt too wide) in paragraph at lines 188--189
[]|\OT1/cmtt/m/n/12 document.getElementById('password').value
 []

[4]
Overfull \hbox (31.72809pt too wide) in paragraph at lines 218--219
[]|\OT1/cmtt/m/n/12 document.getElementById('btnInicioSesion')
 []


Underfull \hbox (badness 10000) in paragraph at lines 221--222
[]|\OT1/cmtt/m/n/12 messageElement.textContent =
 []


Underfull \hbox (badness 7203) in paragraph at lines 221--222
\OT1/cmtt/m/n/12 'mensaje' \OT1/cmr/m/n/12 - Mues-tra re-tro-ali-men-ta-ci^^Son
 []


Overfull \hbox (7.02808pt too wide) in paragraph at lines 224--225
[]|\OT1/cmtt/m/n/12 document.getElementById('email').value
 []


Overfull \hbox (25.55309pt too wide) in paragraph at lines 227--228
[]|\OT1/cmtt/m/n/12 document.getElementById('password').value
 []

LaTeX Font Info:    Trying to load font information for TS1+cmtt on input line 230.
(/usr/share/texlive/texmf-dist/tex/latex/base/ts1cmtt.fd
File: ts1cmtt.fd 2023/04/13 v2.5m Standard LaTeX font definitions
)
Overfull \hbox (93.47812pt too wide) in paragraph at lines 230--231
[]|\OT1/cmtt/m/n/12 document.getElementById('nombreUsuario').textContent
 []


Underfull \hbox (badness 10000) in paragraph at lines 230--231
\OT1/cmtt/m/n/12 = `Dashboard - \TS1/cmtt/m/n/12 $\OT1/cmtt/m/n/12 usuario.nombre` \OT1/cmr/m/n/12 -
 []


Underfull \hbox (badness 10000) in paragraph at lines 233--234
[]|\OT1/cmtt/m/n/12 document.querySelector('#tablaTareas
 []


Overfull \hbox (44.0781pt too wide) in paragraph at lines 236--237
[]|\OT1/cmtt/m/n/12 document.getElementById('nombreTarea').value
 []


Overfull \hbox (74.95311pt too wide) in paragraph at lines 239--240
[]|\OT1/cmtt/m/n/12 document.getElementById('descripcionTarea').value
 []


Overfull \hbox (99.65312pt too wide) in paragraph at lines 242--243
[]|\OT1/cmtt/m/n/12 document.getElementById('contadorTareas').textContent
 []


Underfull \hbox (badness 10000) in paragraph at lines 242--243
\OT1/cmtt/m/n/12 = `Tareas pendientes:
 []


Underfull \hbox (badness 3930) in paragraph at lines 242--243
\TS1/cmtt/m/n/12 $\OT1/cmtt/m/n/12 tareas.length` \OT1/cmr/m/n/12 - Ac-tua-li-za el con-ta-
 []


Overfull \hbox (192.27817pt too wide) in paragraph at lines 245--246
[]|\OT1/cmtt/m/n/12 document.getElementById('btnAgregarTarea').addEventListener('click',
 []


Overfull \hbox (192.27817pt too wide) in paragraph at lines 248--249
[]|\OT1/cmtt/m/n/12 document.getElementById('btnCerrarSesion').addEventListener('click',
 []


Overfull \hbox (31.72809pt too wide) in paragraph at lines 261--262
[]|\OT1/cmtt/m/n/12 document.getElementById('btnInicioSesion')
 []


Underfull \hbox (badness 10000) in paragraph at lines 264--265
[]|\OT1/cmtt/m/n/12 messageElement.textContent =
 []


Underfull \hbox (badness 2005) in paragraph at lines 264--265
\OT1/cmtt/m/n/12 'mensaje' \OT1/cmr/m/n/12 - Mues-tra men-sa-jes de va-li-
 []


Overfull \hbox (7.02808pt too wide) in paragraph at lines 267--268
[]|\OT1/cmtt/m/n/12 document.getElementById('email').value
 []


Overfull \hbox (25.55309pt too wide) in paragraph at lines 270--271
[]|\OT1/cmtt/m/n/12 document.getElementById('password').value
 []


Overfull \hbox (19.37808pt too wide) in paragraph at lines 285--286
[]|\OT1/cmtt/m/n/12 document.getElementById('nombreUsuario')
 []


Overfull \hbox (198.45317pt too wide) in paragraph at lines 288--289
[]|\OT1/cmtt/m/n/12 document.getElementById('btnCerrarSesion')?.addEventListener('click',
 []


Overfull \hbox (118.17813pt too wide) in paragraph at lines 294--295
[]|\OT1/cmtt/m/n/12 document.getElementById('contadorProyectos').textContent
 []


Underfull \hbox (badness 10000) in paragraph at lines 294--295
\OT1/cmtt/m/n/12 = `Proyectos creados:
 []


Overfull \hbox (105.82813pt too wide) in paragraph at lines 300--301
[]|\OT1/cmtt/m/n/12 document.getElementById('nombreProyecto').value.trim()
 []


Overfull \hbox (3.51404pt too wide) in paragraph at lines 303--303
[]|\OT1/cmtt/m/n/12 descripcionProyecto| 
 []


Overfull \hbox (136.70314pt too wide) in paragraph at lines 303--304
[]|\OT1/cmtt/m/n/12 document.getElementById('descripcionProyecto').value.trim()
 []


Overfull \hbox (118.17813pt too wide) in paragraph at lines 306--307
[]|\OT1/cmtt/m/n/12 document.getElementById('fechaFinProyecto').value.trim()
 []


Overfull \hbox (204.62817pt too wide) in paragraph at lines 309--310
[]|\OT1/cmtt/m/n/12 document.getElementById('btnCrearProyecto')?.addEventListener('click',
 []


Overfull \hbox (87.30312pt too wide) in paragraph at lines 315--316
[]|\OT1/cmtt/m/n/12 document.getElementById('nombreTarea').value.trim()
 []


Overfull \hbox (118.17813pt too wide) in paragraph at lines 318--319
[]|\OT1/cmtt/m/n/12 document.getElementById('descripcionTarea').value.trim()
 []


Overfull \hbox (44.0781pt too wide) in paragraph at lines 321--322
[]|\OT1/cmtt/m/n/12 document.getElementById('estadoTarea').value
 []


Overfull \hbox (62.6031pt too wide) in paragraph at lines 324--325
[]|\OT1/cmtt/m/n/12 document.getElementById('prioridadTarea').value
 []


Overfull \hbox (15.86404pt too wide) in paragraph at lines 327--327
[]|\OT1/cmtt/m/n/12 fechaVencimientoTarea| 
 []


Overfull \hbox (149.05315pt too wide) in paragraph at lines 327--328
[]|\OT1/cmtt/m/n/12 document.getElementById('fechaVencimientoTarea').value.trim()
 []


Overfull \hbox (9.68904pt too wide) in paragraph at lines 330--330
[]|\OT1/cmtt/m/n/12 proyectoSeleccionado| 
 []


Overfull \hbox (62.6031pt too wide) in paragraph at lines 330--331
[]|\OT1/cmtt/m/n/12 document.getElementById('proyectoSeleccionado')
 []


Overfull \hbox (198.45317pt too wide) in paragraph at lines 333--334
[]|\OT1/cmtt/m/n/12 document.getElementById('btnAgregarTarea')?.addEventListener('click',
 []


Overfull \hbox (40.56406pt too wide) in paragraph at lines 336--336
[]|\OT1/cmtt/m/n/12 tabla-proyectos-container| 
 []


Overfull \hbox (13.20308pt too wide) in paragraph at lines 339--340
[]|\OT1/cmtt/m/n/12 document.querySelector('#tablaProyectos
 []


Overfull \hbox (22.03905pt too wide) in paragraph at lines 342--342
[]|\OT1/cmtt/m/n/12 tabla-tareas-container| 
 []


Overfull \hbox (87.30312pt too wide) in paragraph at lines 345--346
[]|\OT1/cmtt/m/n/12 document.getElementById('tituloTareas').textContent
 []


Underfull \hbox (badness 10000) in paragraph at lines 345--346
\OT1/cmtt/m/n/12 = `Tareas del proyecto:
 []


Underfull \hbox (badness 6510) in paragraph at lines 345--346
\TS1/cmtt/m/n/12 $\OT1/cmtt/m/n/12 proyecto.nombre` \OT1/cmr/m/n/12 - Mues-tra el pro-
 []


Underfull \hbox (badness 10000) in paragraph at lines 348--349
[]|\OT1/cmtt/m/n/12 document.querySelector('#tablaTareas
 []

[5

{/usr/share/texmf/fonts/enc/dvips/cm-super/cm-super-ts1.enc}] [6]
Overfull \hbox (35.20982pt too wide) in paragraph at lines 371--372
[]\OT1/cmr/bx/n/12 Gesti^^Son: \OT1/cmtt/m/n/12 localStorage.setItem()\OT1/cmr/m/n/12 , \OT1/cmtt/m/n/12 localStorage.getItem()\OT1/cmr/m/n/12 , \OT1/cmtt/m/n/12 localStorage.removeItem() 
 []

[7] (./documentacion_javascript.aux
LaTeX Info: Redefining \. on input line 12.
LaTeX Info: Redefining \% on input line 12.
)
 ***********
LaTeX2e <2023-11-01> patch level 1
L3 programming layer <2024-01-22>
 ***********
 ) 
Here is how much of TeX's memory you used:
 3817 strings out of 476120
 61518 string characters out of 5793657
 1972975 words of memory out of 5000000
 25828 multiletter control sequences out of 15000+600000
 561572 words of font info for 48 fonts, out of 8000000 for 9000
 40 hyphenation exceptions out of 8191
 57i,7n,65p,385b,365s stack positions out of 10000i,1000n,20000p,200000b,200000s
</usr/share/texlive/texmf-dist/fonts/type1/public/amsfonts/cm/cmbx12.pfb></usr/share/texlive/texmf-dist/fonts/type1/public/amsfonts/cm/cmr12.pfb></usr/share/texlive/texmf-dist/fonts/type1/public/amsfonts/cm/cmtt12.pfb></usr/share/texmf/fonts/type1/public/cm-super/sftt1200.pfb>
Output written on documentacion_javascript.pdf (7 pages, 67054 bytes).
PDF statistics:
 49 PDF objects out of 1000 (max. 8388607)
 31 compressed objects within 1 object stream
 0 named destinations out of 1000 (max. 500000)
 1 words of extra memory for PDF output out of 10000 (max. 10000000)

